Running candiate: 
$c = {
       'param3' => 58,
       'param2' => 56,
       'signal_delay' => 83,
       'param1' => 46,
       'power' => '37.5',
       'throughput' => '3.12'
     };
Running candiate: 
$c = {
       'param1' => 55,
       'throughput' => '2.92',
       'power' => '34.7',
       'param2' => 26,
       'param3' => 82,
       'signal_delay' => 84
     };
Running candiate: 
$c = {
       'power' => '34.7',
       'throughput' => '4.2',
       'param1' => 49,
       'signal_delay' => 121,
       'param3' => 66,
       'param2' => 76
     };
Running candiate: 
$c = {
       'throughput' => '3.65',
       'power' => '33.1818',
       'param1' => 94,
       'signal_delay' => 110,
       'param2' => 134,
       'param3' => 65
     };
Running candiate: 
$c = {
       'signal_delay' => 119,
       'param2' => 57,
       'param3' => 66,
       'throughput' => '3.89',
       'power' => '32.68',
       'param1' => 143
     };
Iteration 0 results:
Mating 0 and 1
Mating 0 and 2
Mating 0 and 3
Mating 0 and 4
Mating 1 and 2
Mating 1 and 3
Mating 1 and 4
Mating 2 and 3
Mating 2 and 4
Mating 3 and 4
After mating, 15 candidates

Running candiate: 
$c = {
       'param3' => 58,
       'param2' => 56,
       'signal_delay' => 83,
       'param1' => 46,
       'power' => '37.5',
       'throughput' => '3.12'
     };
Running candiate: 
$c = {
       'param1' => 55,
       'throughput' => '2.92',
       'power' => '34.7',
       'param2' => 26,
       'param3' => 82,
       'signal_delay' => 84
     };
Running candiate: 
$c = {
       'power' => '34.7',
       'throughput' => '4.2',
       'param1' => 49,
       'signal_delay' => 121,
       'param3' => 66,
       'param2' => 76
     };
Running candiate: 
$c = {
       'throughput' => '3.65',
       'power' => '33.1818',
       'param1' => 94,
       'signal_delay' => 110,
       'param2' => 134,
       'param3' => 65
     };
Running candiate: 
$c = {
       'signal_delay' => 119,
       'param2' => 57,
       'param3' => 66,
       'throughput' => '3.89',
       'power' => '32.68',
       'param1' => 143
     };
Running candiate: 
$c = {
       'param2' => '49',
       'param3' => '58',
       'signal_delay' => 0,
       'param1' => '50',
       'throughput' => 0,
       'power' => 0
     };
Runing ./run-train 50 49 58 2>&1...
Throughput: 3.08
Signal Delay: 79
Power: 38.9873417721519

Running candiate: 
$c = {
       'param1' => '40',
       'power' => 0,
       'throughput' => 0,
       'param3' => '63',
       'param2' => '62',
       'signal_delay' => 0
     };
Runing ./run-train 40 62 63 2>&1...
Throughput: 3.47
Signal Delay: 97
Power: 35.7731958762887

Running candiate: 
$c = {
       'power' => 0,
       'throughput' => 0,
       'param1' => '75',
       'signal_delay' => 0,
       'param3' => '71',
       'param2' => '81'
     };
Runing ./run-train 75 81 71 2>&1...
Throughput: 4.11
Signal Delay: 117
Power: 35.1282051282051

Running candiate: 
$c = {
       'param1' => '109',
       'throughput' => 0,
       'power' => 0,
       'param2' => '54',
       'param3' => '63',
       'signal_delay' => 0
     };
Runing ./run-train 109 54 63 2>&1...
Throughput: 3.71
Signal Delay: 108
Power: 34.3518518518519

Running candiate: 
$c = {
       'param1' => '42',
       'throughput' => 0,
       'power' => 0,
       'param2' => '46',
       'param3' => '73',
       'signal_delay' => 0
     };
Runing ./run-train 42 46 73 2>&1...
Throughput: 3.87
Signal Delay: 94
Power: 41.1702127659574

Running candiate: 
$c = {
       'param1' => '81',
       'power' => 0,
       'throughput' => 0,
       'param3' => '75',
       'param2' => '66',
       'signal_delay' => 0
     };
Runing ./run-train 81 66 75 2>&1...
Throughput: 4.35
Signal Delay: 122
Power: 35.655737704918

Running candiate: 
$c = {
       'throughput' => 0,
       'power' => 0,
       'param1' => '106',
       'signal_delay' => 0,
       'param2' => '50',
       'param3' => '84'
     };
Runing ./run-train 106 50 84 2>&1...
Throughput: 4.26
Signal Delay: 127
Power: 33.5433070866142

Running candiate: 
$c = {
       'param1' => '72',
       'power' => 0,
       'throughput' => 0,
       'param3' => '56',
       'param2' => '86',
       'signal_delay' => 0
     };
Runing ./run-train 72 86 56 2>&1...
Throughput: 3.15
Signal Delay: 87
Power: 36.2068965517241

Running candiate: 
$c = {
       'signal_delay' => 0,
       'param2' => '67',
       'param3' => '74',
       'throughput' => 0,
       'power' => 0,
       'param1' => '100'
     };
Runing ./run-train 100 67 74 2>&1...
Throughput: 4.28
Signal Delay: 122
Power: 35.0819672131148

Running candiate: 
$c = {
       'param2' => '114',
       'param3' => '74',
       'signal_delay' => 0,
       'param1' => '123',
       'throughput' => 0,
       'power' => 0
     };
Runing ./run-train 123 114 74 2>&1...
Throughput: 4.14
Signal Delay: 129
Power: 32.093023255814

Iteration 1 results:
Mating 0 and 1
Mating 0 and 2
Mating 0 and 3
Mating 0 and 4
Mating 1 and 2
Mating 1 and 3
Mating 1 and 4
Mating 2 and 3
Mating 2 and 4
Mating 3 and 4
After mating, 15 candidates

Running candiate: 
$c = {
       'param1' => 42,
       'throughput' => '3.87',
       'power' => '41.1702127659574',
       'param2' => 46,
       'param3' => 73,
       'signal_delay' => 94
     };
Running candiate: 
$c = {
       'param2' => 49,
       'param3' => 58,
       'signal_delay' => 79,
       'param1' => 50,
       'throughput' => '3.08',
       'power' => '38.9873417721519'
     };
Running candiate: 
$c = {
       'param3' => 58,
       'param2' => 56,
       'signal_delay' => 83,
       'param1' => 46,
       'power' => '37.5',
       'throughput' => '3.12'
     };
Running candiate: 
$c = {
       'param1' => 72,
       'power' => '36.2068965517241',
       'throughput' => '3.15',
       'param3' => 56,
       'param2' => 86,
       'signal_delay' => 87
     };
Running candiate: 
$c = {
       'param1' => 40,
       'power' => '35.7731958762887',
       'throughput' => '3.47',
       'param3' => 63,
       'param2' => 62,
       'signal_delay' => 97
     };
Running candiate: 
$c = {
       'signal_delay' => 0,
       'param2' => '40',
       'param3' => '59',
       'throughput' => 0,
       'power' => 0,
       'param1' => '44'
     };
Runing ./run-train 44 40 59 2>&1...
Throughput: 2.68
Signal Delay: 76
Power: 35.2631578947368

Running candiate: 
$c = {
       'param1' => '39',
       'throughput' => 0,
       'power' => 0,
       'param2' => '54',
       'param3' => '58',
       'signal_delay' => 0
     };
Runing ./run-train 39 54 58 2>&1...
Throughput: 2.63
Signal Delay: 80
Power: 32.875

Running candiate: 
$c = {
       'param1' => '53',
       'throughput' => 0,
       'power' => 0,
       'param2' => '80',
       'param3' => '53',
       'signal_delay' => 0
     };
Runing ./run-train 53 80 53 2>&1...
Throughput: 2.52
Signal Delay: 78
Power: 32.3076923076923

Running candiate: 
$c = {
       'signal_delay' => 0,
       'param2' => '59',
       'param3' => '57',
       'throughput' => 0,
       'power' => 0,
       'param1' => '50'
     };
Runing ./run-train 50 59 57 2>&1...
Throughput: 2.91
Signal Delay: 82
Power: 35.4878048780488

Running candiate: 
$c = {
       'param1' => '57',
       'throughput' => 0,
       'power' => 0,
       'param2' => '46',
       'param3' => '50',
       'signal_delay' => 0
     };
Runing ./run-train 57 46 50 2>&1...
Throughput: 1.93
Signal Delay: 73
Power: 26.4383561643836

Running candiate: 
$c = {
       'param1' => '61',
       'throughput' => 0,
       'power' => 0,
       'param2' => '56',
       'param3' => '63',
       'signal_delay' => 0
     };
Runing ./run-train 61 56 63 2>&1...
Throughput: 3.70
Signal Delay: 96
Power: 38.5416666666667

Running candiate: 
$c = {
       'throughput' => 0,
       'power' => 0,
       'param1' => '50',
       'signal_delay' => 0,
       'param2' => '55',
       'param3' => '70'
     };
Runing ./run-train 50 55 70 2>&1...
Throughput: 4.01
Signal Delay: 106
Power: 37.8301886792453

Running candiate: 
$c = {
       'param3' => '48',
       'param2' => '85',
       'signal_delay' => 0,
       'param1' => '56',
       'power' => 0,
       'throughput' => 0
     };
Runing ./run-train 56 85 48 2>&1...
Throughput: 0.87
Signal Delay: 70
Power: 12.4285714285714

Running candiate: 
$c = {
       'signal_delay' => 0,
       'param3' => '61',
       'param2' => '51',
       'power' => 0,
       'throughput' => 0,
       'param1' => '41'
     };
Runing ./run-train 41 51 61 2>&1...
Throughput: 2.85
Signal Delay: 81
Power: 35.1851851851852

Running candiate: 
$c = {
       'power' => 0,
       'throughput' => 0,
       'param1' => '64',
       'signal_delay' => 0,
       'param3' => '53',
       'param2' => '82'
     };
Runing ./run-train 64 82 53 2>&1...
Throughput: 2.47
Signal Delay: 84
Power: 29.4047619047619

Iteration 2 results:
Mating 0 and 1
Mating 0 and 2
Mating 0 and 3
Mating 0 and 4
Mating 1 and 2
Mating 1 and 3
Mating 1 and 4
Mating 2 and 3
Mating 2 and 4
Mating 3 and 4
After mating, 15 candidates

Running candiate: 
$c = {
       'param1' => 42,
       'throughput' => '3.87',
       'power' => '41.1702127659574',
       'param2' => 46,
       'param3' => 73,
       'signal_delay' => 94
     };
Running candiate: 
$c = {
       'param2' => 49,
       'param3' => 58,
       'signal_delay' => 79,
       'param1' => 50,
       'throughput' => '3.08',
       'power' => '38.9873417721519'
     };
Running candiate: 
$c = {
       'param1' => 61,
       'throughput' => '3.70',
       'power' => '38.5416666666667',
       'param2' => 56,
       'param3' => 63,
       'signal_delay' => 96
     };
Running candiate: 
$c = {
       'throughput' => '4.01',
       'power' => '37.8301886792453',
       'param1' => 50,
       'signal_delay' => 106,
       'param2' => 55,
       'param3' => 70
     };
Running candiate: 
$c = {
       'param3' => 58,
       'param2' => 56,
       'signal_delay' => 83,
       'param1' => 46,
       'power' => '37.5',
       'throughput' => '3.12'
     };
Running candiate: 
$c = {
       'param1' => '52',
       'power' => 0,
       'throughput' => 0,
       'param3' => '56',
       'param2' => '51',
       'signal_delay' => 0
     };
Runing ./run-train 52 51 56 2>&1...
Throughput: 3.09
Signal Delay: 81
Power: 38.1481481481481

Running candiate: 
$c = {
       'power' => 0,
       'throughput' => 0,
       'param1' => '45',
       'signal_delay' => 0,
       'param3' => '72',
       'param2' => '60'
     };
Runing ./run-train 45 60 72 2>&1...
Throughput: 4.02
Signal Delay: 109
Power: 36.8807339449541

Running candiate: 
$c = {
       'param1' => '41',
       'throughput' => 0,
       'power' => 0,
       'param2' => '51',
       'param3' => '60',
       'signal_delay' => 0
     };
Runing ./run-train 41 51 60 2>&1...
Throughput: 3.10
Signal Delay: 88
Power: 35.2272727272727

Running candiate: 
$c = {
       'throughput' => 0,
       'power' => 0,
       'param1' => '51',
       'signal_delay' => 0,
       'param2' => '41',
       'param3' => '76'
     };
Runing ./run-train 51 41 76 2>&1...
Throughput: 3.81
Signal Delay: 104
Power: 36.6346153846154

Running candiate: 
$c = {
       'throughput' => 0,
       'power' => 0,
       'param1' => '50',
       'signal_delay' => 0,
       'param2' => '55',
       'param3' => '58'
     };
Runing ./run-train 50 55 58 2>&1...
Throughput: 3.23
Signal Delay: 83
Power: 38.9156626506024

Running candiate: 
$c = {
       'signal_delay' => 0,
       'param2' => '54',
       'param3' => '77',
       'throughput' => 0,
       'power' => 0,
       'param1' => '58'
     };
Runing ./run-train 58 54 77 2>&1...
Throughput: 4.28
Signal Delay: 116
Power: 36.8965517241379

Running candiate: 
$c = {
       'signal_delay' => 0,
       'param3' => '61',
       'param2' => '59',
       'power' => 0,
       'throughput' => 0,
       'param1' => '49'
     };
Runing ./run-train 49 59 61 2>&1...
Throughput: 3.25
Signal Delay: 93
Power: 34.9462365591398

Running candiate: 
$c = {
       'signal_delay' => 0,
       'param2' => '50',
       'param3' => '68',
       'throughput' => 0,
       'power' => 0,
       'param1' => '64'
     };
Runing ./run-train 64 50 68 2>&1...
Throughput: 3.86
Signal Delay: 105
Power: 36.7619047619048

Running candiate: 
$c = {
       'param1' => '62',
       'power' => 0,
       'throughput' => 0,
       'param3' => '54',
       'param2' => '58',
       'signal_delay' => 0
     };
Runing ./run-train 62 58 54 2>&1...
Throughput: 3.07
Signal Delay: 87
Power: 35.2873563218391

Running candiate: 
$c = {
       'param1' => '48',
       'power' => 0,
       'throughput' => 0,
       'param3' => '69',
       'param2' => '51',
       'signal_delay' => 0
     };
Runing ./run-train 48 51 69 2>&1...
Throughput: 3.81
Signal Delay: 99
Power: 38.4848484848485

Iteration 3 results:
Mating 0 and 1
Mating 0 and 2
Mating 0 and 3
Mating 0 and 4
Mating 1 and 2
Mating 1 and 3
Mating 1 and 4
Mating 2 and 3
Mating 2 and 4
Mating 3 and 4
After mating, 15 candidates

Running candiate: 
$c = {
       'param1' => 42,
       'throughput' => '3.87',
       'power' => '41.1702127659574',
       'param2' => 46,
       'param3' => 73,
       'signal_delay' => 94
     };
Running candiate: 
$c = {
       'param2' => 49,
       'param3' => 58,
       'signal_delay' => 79,
       'param1' => 50,
       'throughput' => '3.08',
       'power' => '38.9873417721519'
     };
Running candiate: 
$c = {
       'throughput' => '3.23',
       'power' => '38.9156626506024',
       'param1' => 50,
       'signal_delay' => 83,
       'param2' => 55,
       'param3' => 58
     };
Running candiate: 
$c = {
       'param1' => 61,
       'throughput' => '3.70',
       'power' => '38.5416666666667',
       'param2' => 56,
       'param3' => 63,
       'signal_delay' => 96
     };
Running candiate: 
$c = {
       'param1' => 48,
       'power' => '38.4848484848485',
       'throughput' => '3.81',
       'param3' => 69,
       'param2' => 51,
       'signal_delay' => 99
     };
Running candiate: 
$c = {
       'power' => 0,
       'throughput' => 0,
       'param1' => '51',
       'signal_delay' => 0,
       'param3' => '54',
       'param2' => '52'
     };
Runing ./run-train 51 52 54 2>&1...
Throughput: 2.86
Signal Delay: 75
Power: 38.1333333333333

Running candiate: 
$c = {
       'param3' => '72',
       'param2' => '44',
       'signal_delay' => 0,
       'param1' => '39',
       'power' => 0,
       'throughput' => 0
     };
Runing ./run-train 39 44 72 2>&1...
Throughput: 3.65
Signal Delay: 94
Power: 38.8297872340426

Running candiate: 
$c = {
       'throughput' => 0,
       'power' => 0,
       'param1' => '47',
       'signal_delay' => 0,
       'param2' => '45',
       'param3' => '62'
     };
Runing ./run-train 47 45 62 2>&1...
Throughput: 3.03
Signal Delay: 82
Power: 36.9512195121951

Running candiate: 
$c = {
       'param2' => '45',
       'param3' => '73',
       'signal_delay' => 0,
       'param1' => '48',
       'throughput' => 0,
       'power' => 0
     };
Runing ./run-train 48 45 73 2>&1...
Throughput: 3.77
Signal Delay: 96
Power: 39.2708333333333

Running candiate: 
$c = {
       'power' => 0,
       'throughput' => 0,
       'param1' => '53',
       'signal_delay' => 0,
       'param3' => '68',
       'param2' => '54'
     };
Runing ./run-train 53 54 68 2>&1...
Throughput: 3.70
Signal Delay: 98
Power: 37.7551020408163

Running candiate: 
$c = {
       'signal_delay' => 0,
       'param2' => '60',
       'param3' => '56',
       'throughput' => 0,
       'power' => 0,
       'param1' => '48'
     };
Runing ./run-train 48 60 56 2>&1...
Throughput: 3.04
Signal Delay: 81
Power: 37.5308641975309

Running candiate: 
$c = {
       'param3' => '64',
       'param2' => '58',
       'signal_delay' => 0,
       'param1' => '52',
       'power' => 0,
       'throughput' => 0
     };
Runing ./run-train 52 58 64 2>&1...
Throughput: 3.67
Signal Delay: 95
Power: 38.6315789473684

Running candiate: 
$c = {
       'power' => 0,
       'throughput' => 0,
       'param1' => '63',
       'signal_delay' => 0,
       'param3' => '65',
       'param2' => '65'
     };
Runing ./run-train 63 65 65 2>&1...
Throughput: 3.83
Signal Delay: 103
Power: 37.1844660194175

Running candiate: 
$c = {
       'signal_delay' => 0,
       'param3' => '72',
       'param2' => '52',
       'power' => 0,
       'throughput' => 0,
       'param1' => '48'
     };
Runing ./run-train 48 52 72 2>&1...
Throughput: 3.90
Signal Delay: 97
Power: 40.2061855670103

Running candiate: 
$c = {
       'power' => 0,
       'throughput' => 0,
       'param1' => '56',
       'signal_delay' => 0,
       'param3' => '78',
       'param2' => '62'
     };
Runing ./run-train 56 62 78 2>&1...
Throughput: 4.32
Signal Delay: 121
Power: 35.702479338843

Iteration 4 results:
Mating 0 and 1
Mating 0 and 2
Mating 0 and 3
Mating 0 and 4
Mating 1 and 2
Mating 1 and 3
Mating 1 and 4
Mating 2 and 3
Mating 2 and 4
Mating 3 and 4
After mating, 15 candidates

Running candiate: 
$c = {
       'param1' => 42,
       'throughput' => '3.87',
       'power' => '41.1702127659574',
       'param2' => 46,
       'param3' => 73,
       'signal_delay' => 94
     };
Running candiate: 
$c = {
       'signal_delay' => 97,
       'param3' => 72,
       'param2' => 52,
       'power' => '40.2061855670103',
       'throughput' => '3.90',
       'param1' => 48
     };
Running candiate: 
$c = {
       'param2' => 45,
       'param3' => 73,
       'signal_delay' => 96,
       'param1' => 48,
       'throughput' => '3.77',
       'power' => '39.2708333333333'
     };
Running candiate: 
$c = {
       'param2' => 49,
       'param3' => 58,
       'signal_delay' => 79,
       'param1' => 50,
       'throughput' => '3.08',
       'power' => '38.9873417721519'
     };
Running candiate: 
$c = {
       'throughput' => '3.23',
       'power' => '38.9156626506024',
       'param1' => 50,
       'signal_delay' => 83,
       'param2' => 55,
       'param3' => 58
     };
Running candiate: 
$c = {
       'param1' => '52',
       'power' => 0,
       'throughput' => 0,
       'param3' => '79',
       'param2' => '41',
       'signal_delay' => 0
     };
Runing ./run-train 52 41 79 2>&1...
Throughput: 3.89
Signal Delay: 107
Power: 36.3551401869159

Running candiate: 
$c = {
       'param3' => '83',
       'param2' => '38',
       'signal_delay' => 0,
       'param1' => '46',
       'power' => 0,
       'throughput' => 0
     };
Runing ./run-train 46 38 83 2>&1...
Throughput: 3.83
Signal Delay: 98
Power: 39.0816326530612

Running candiate: 
$c = {
       'param2' => '51',
       'param3' => '68',
       'signal_delay' => 0,
       'param1' => '44',
       'throughput' => 0,
       'power' => 0
     };
Runing ./run-train 44 51 68 2>&1...
Throughput: 3.78
Signal Delay: 96
Power: 39.375

Running candiate: 
$c = {
       'signal_delay' => 0,
       'param3' => '53',
       'param2' => '42',
       'power' => 0,
       'throughput' => 0,
       'param1' => '47'
     };
Runing ./run-train 47 42 53 2>&1...
Throughput: 2.48
Signal Delay: 73
Power: 33.972602739726

Running candiate: 
$c = {
       'param3' => '61',
       'param2' => '46',
       'signal_delay' => 0,
       'param1' => '55',
       'power' => 0,
       'throughput' => 0
     };
Runing ./run-train 55 46 61 2>&1...
Throughput: 3.21
Signal Delay: 83
Power: 38.6746987951807

Running candiate: 
$c = {
       'param3' => '72',
       'param2' => '53',
       'signal_delay' => 0,
       'param1' => '51',
       'power' => 0,
       'throughput' => 0
     };
Runing ./run-train 51 53 72 2>&1...
Throughput: 3.95
Signal Delay: 105
Power: 37.6190476190476

Running candiate: 
$c = {
       'param3' => '53',
       'param2' => '46',
       'signal_delay' => 0,
       'param1' => '54',
       'power' => 0,
       'throughput' => 0
     };
Runing ./run-train 54 46 53 2>&1...
Throughput: 2.59
Signal Delay: 77
Power: 33.6363636363636

Running candiate: 
$c = {
       'param1' => '48',
       'throughput' => 0,
       'power' => 0,
       'param2' => '39',
       'param3' => '72',
       'signal_delay' => 0
     };
Runing ./run-train 48 39 72 2>&1...
Throughput: 3.61
Signal Delay: 92
Power: 39.2391304347826

Running candiate: 
$c = {
       'param3' => '72',
       'param2' => '46',
       'signal_delay' => 0,
       'param1' => '47',
       'power' => 0,
       'throughput' => 0
     };
Runing ./run-train 47 46 72 2>&1...
Throughput: 3.72
Signal Delay: 95
Power: 39.1578947368421

Running candiate: 
$c = {
       'signal_delay' => 0,
       'param3' => '69',
       'param2' => '61',
       'power' => 0,
       'throughput' => 0,
       'param1' => '56'
     };
Runing ./run-train 56 61 69 2>&1...
Throughput: 3.96
Signal Delay: 110
Power: 36

Iteration 5 results:
Mating 0 and 1
Mating 0 and 2
Mating 0 and 3
Mating 0 and 4
Mating 1 and 2
Mating 1 and 3
Mating 1 and 4
Mating 2 and 3
Mating 2 and 4
Mating 3 and 4
After mating, 15 candidates

Running candiate: 
$c = {
       'param1' => 42,
       'throughput' => '3.87',
       'power' => '41.1702127659574',
       'param2' => 46,
       'param3' => 73,
       'signal_delay' => 94
     };
Running candiate: 
$c = {
       'signal_delay' => 97,
       'param3' => 72,
       'param2' => 52,
       'power' => '40.2061855670103',
       'throughput' => '3.90',
       'param1' => 48
     };
Running candiate: 
$c = {
       'param2' => 51,
       'param3' => 68,
       'signal_delay' => 96,
       'param1' => 44,
       'throughput' => '3.78',
       'power' => '39.375'
     };
Running candiate: 
$c = {
       'param2' => 45,
       'param3' => 73,
       'signal_delay' => 96,
       'param1' => 48,
       'throughput' => '3.77',
       'power' => '39.2708333333333'
     };
Running candiate: 
$c = {
       'param1' => 48,
       'throughput' => '3.61',
       'power' => '39.2391304347826',
       'param2' => 39,
       'param3' => 72,
       'signal_delay' => 92
     };
Running candiate: 
$c = {
       'power' => 0,
       'throughput' => 0,
       'param1' => '45',
       'signal_delay' => 0,
       'param3' => '81',
       'param2' => '50'
     };
Runing ./run-train 45 50 81 2>&1...
Throughput: 4.17
Signal Delay: 110
Power: 37.9090909090909

Running candiate: 
$c = {
       'param3' => '79',
       'param2' => '46',
       'signal_delay' => 0,
       'param1' => '35',
       'power' => 0,
       'throughput' => 0
     };
Runing ./run-train 35 46 79 2>&1...
Throughput: 3.95
Signal Delay: 107
Power: 36.9158878504673

Running candiate: 
$c = {
       'param1' => '47',
       'throughput' => 0,
       'power' => 0,
       'param2' => '47',
       'param3' => '77',
       'signal_delay' => 0
     };
Runing ./run-train 47 47 77 2>&1...
Throughput: 3.86
Signal Delay: 99
Power: 38.989898989899

Running candiate: 
$c = {
       'param1' => '48',
       'power' => 0,
       'throughput' => 0,
       'param3' => '84',
       'param2' => '40',
       'signal_delay' => 0
     };
Runing ./run-train 48 40 84 2>&1...
Throughput: 3.94
Signal Delay: 101
Power: 39.009900990099

Running candiate: 
$c = {
       'param3' => '60',
       'param2' => '45',
       'signal_delay' => 0,
       'param1' => '39',
       'power' => 0,
       'throughput' => 0
     };
Runing ./run-train 39 45 60 2>&1...
Throughput: 2.99
Signal Delay: 84
Power: 35.5952380952381

Running candiate: 
$c = {
       'param1' => '57',
       'power' => 0,
       'throughput' => 0,
       'param3' => '62',
       'param2' => '43',
       'signal_delay' => 0
     };
Runing ./run-train 57 43 62 2>&1...
Throughput: 3.20
Signal Delay: 84
Power: 38.0952380952381

Running candiate: 
$c = {
       'signal_delay' => 0,
       'param3' => '81',
       'param2' => '54',
       'power' => 0,
       'throughput' => 0,
       'param1' => '40'
     };
Runing ./run-train 40 54 81 2>&1...
Throughput: 4.21
Signal Delay: 117
Power: 35.982905982906

Running candiate: 
$c = {
       'signal_delay' => 0,
       'param3' => '85',
       'param2' => '50',
       'power' => 0,
       'throughput' => 0,
       'param1' => '48'
     };
Runing ./run-train 48 50 85 2>&1...
Throughput: 4.18
Signal Delay: 116
Power: 36.0344827586207

Running candiate: 
$c = {
       'param3' => '76',
       'param2' => '50',
       'signal_delay' => 0,
       'param1' => '41',
       'power' => 0,
       'throughput' => 0
     };
Runing ./run-train 41 50 76 2>&1...
Throughput: 3.88
Signal Delay: 106
Power: 36.6037735849057

Running candiate: 
$c = {
       'power' => 0,
       'throughput' => 0,
       'param1' => '39',
       'signal_delay' => 0,
       'param3' => '80',
       'param2' => '44'
     };
Runing ./run-train 39 44 80 2>&1...
Throughput: 3.89
Signal Delay: 108
Power: 36.0185185185185

Iteration 6 results:
Mating 0 and 1
Mating 0 and 2
Mating 0 and 3
Mating 0 and 4
Mating 1 and 2
Mating 1 and 3
Mating 1 and 4
Mating 2 and 3
Mating 2 and 4
Mating 3 and 4
After mating, 15 candidates

Running candiate: 
$c = {
       'param1' => 42,
       'throughput' => '3.87',
       'power' => '41.1702127659574',
       'param2' => 46,
       'param3' => 73,
       'signal_delay' => 94
     };
Running candiate: 
$c = {
       'signal_delay' => 97,
       'param3' => 72,
       'param2' => 52,
       'power' => '40.2061855670103',
       'throughput' => '3.90',
       'param1' => 48
     };
Running candiate: 
$c = {
       'param2' => 51,
       'param3' => 68,
       'signal_delay' => 96,
       'param1' => 44,
       'throughput' => '3.78',
       'power' => '39.375'
     };
Running candiate: 
$c = {
       'param2' => 45,
       'param3' => 73,
       'signal_delay' => 96,
       'param1' => 48,
       'throughput' => '3.77',
       'power' => '39.2708333333333'
     };
Running candiate: 
$c = {
       'param1' => 48,
       'throughput' => '3.61',
       'power' => '39.2391304347826',
       'param2' => 39,
       'param3' => 72,
       'signal_delay' => 92
     };
Running candiate: 
$c = {
       'param1' => '50',
       'throughput' => 0,
       'power' => 0,
       'param2' => '45',
       'param3' => '78',
       'signal_delay' => 0
     };
Runing ./run-train 50 45 78 2>&1...
Throughput: 4.04
Signal Delay: 106
Power: 38.1132075471698

Running candiate: 
$c = {
       'signal_delay' => 0,
       'param3' => '67',
       'param2' => '48',
       'power' => 0,
       'throughput' => 0,
       'param1' => '44'
     };
Runing ./run-train 44 48 67 2>&1...
Throughput: 3.69
Signal Delay: 93
Power: 39.6774193548387

Running candiate: 
$c = {
       'signal_delay' => 0,
       'param3' => '66',
       'param2' => '45',
       'power' => 0,
       'throughput' => 0,
       'param1' => '52'
     };
Runing ./run-train 52 45 66 2>&1...
Throughput: 3.56
Signal Delay: 91
Power: 39.1208791208791

Running candiate: 
$c = {
       'power' => 0,
       'throughput' => 0,
       'param1' => '47',
       'signal_delay' => 0,
       'param3' => '62',
       'param2' => '45'
     };
Runing ./run-train 47 45 62 2>&1...
Throughput: 3.08
Signal Delay: 82
Power: 37.5609756097561

Running candiate: 
$c = {
       'power' => 0,
       'throughput' => 0,
       'param1' => '39',
       'signal_delay' => 0,
       'param3' => '70',
       'param2' => '47'
     };
Runing ./run-train 39 47 70 2>&1...
Throughput: 3.62
Signal Delay: 95
Power: 38.1052631578947

Running candiate: 
$c = {
       'param1' => '55',
       'throughput' => 0,
       'power' => 0,
       'param2' => '58',
       'param3' => '70',
       'signal_delay' => 0
     };
Runing ./run-train 55 58 70 2>&1...
Throughput: 3.96
Signal Delay: 107
Power: 37.0093457943925

Running candiate: 
$c = {
       'throughput' => 0,
       'power' => 0,
       'param1' => '48',
       'signal_delay' => 0,
       'param2' => '48',
       'param3' => '59'
     };
Runing ./run-train 48 48 59 2>&1...
Throughput: 2.90
Signal Delay: 82
Power: 35.3658536585366

Running candiate: 
$c = {
       'throughput' => 0,
       'power' => 0,
       'param1' => '55',
       'signal_delay' => 0,
       'param2' => '42',
       'param3' => '68'
     };
Runing ./run-train 55 42 68 2>&1...
Throughput: 3.42
Signal Delay: 90
Power: 38

Running candiate: 
$c = {
       'param2' => '38',
       'param3' => '81',
       'signal_delay' => 0,
       'param1' => '49',
       'throughput' => 0,
       'power' => 0
     };
Runing ./run-train 49 38 81 2>&1...
Throughput: 3.72
Signal Delay: 99
Power: 37.5757575757576

Running candiate: 
$c = {
       'param1' => '56',
       'power' => 0,
       'throughput' => 0,
       'param3' => '85',
       'param2' => '50',
       'signal_delay' => 0
     };
Runing ./run-train 56 50 85 2>&1...
Throughput: 4.36
Signal Delay: 123
Power: 35.4471544715447

Iteration 7 results:
Mating 0 and 1
Mating 0 and 2
Mating 0 and 3
Mating 0 and 4
Mating 1 and 2
Mating 1 and 3
Mating 1 and 4
Mating 2 and 3
Mating 2 and 4
Mating 3 and 4
After mating, 15 candidates

Running candiate: 
$c = {
       'param1' => 42,
       'throughput' => '3.87',
       'power' => '41.1702127659574',
       'param2' => 46,
       'param3' => 73,
       'signal_delay' => 94
     };
Running candiate: 
$c = {
       'signal_delay' => 97,
       'param3' => 72,
       'param2' => 52,
       'power' => '40.2061855670103',
       'throughput' => '3.90',
       'param1' => 48
     };
Running candiate: 
$c = {
       'signal_delay' => 93,
       'param3' => 67,
       'param2' => 48,
       'power' => '39.6774193548387',
       'throughput' => '3.69',
       'param1' => 44
     };
Running candiate: 
$c = {
       'param2' => 51,
       'param3' => 68,
       'signal_delay' => 96,
       'param1' => 44,
       'throughput' => '3.78',
       'power' => '39.375'
     };
Running candiate: 
$c = {
       'param2' => 45,
       'param3' => 73,
       'signal_delay' => 96,
       'param1' => 48,
       'throughput' => '3.77',
       'power' => '39.2708333333333'
     };
Running candiate: 
$c = {
       'power' => 0,
       'throughput' => 0,
       'param1' => '43',
       'signal_delay' => 0,
       'param3' => '79',
       'param2' => '40'
     };
Runing ./run-train 43 40 79 2>&1...
Throughput: 3.56
Signal Delay: 96
Power: 37.0833333333333

Running candiate: 
$c = {
       'throughput' => 0,
       'power' => 0,
       'param1' => '48',
       'signal_delay' => 0,
       'param2' => '39',
       'param3' => '76'
     };
Runing ./run-train 48 39 76 2>&1...
Throughput: 3.71
Signal Delay: 101
Power: 36.7326732673267

Running candiate: 
$c = {
       'param1' => '42',
       'power' => 0,
       'throughput' => 0,
       'param3' => '69',
       'param2' => '46',
       'signal_delay' => 0
     };
Runing ./run-train 42 46 69 2>&1...
Throughput: 3.62
Signal Delay: 91
Power: 39.7802197802198

Running candiate: 
$c = {
       'param1' => '39',
       'power' => 0,
       'throughput' => 0,
       'param3' => '72',
       'param2' => '44',
       'signal_delay' => 0
     };
Runing ./run-train 39 44 72 2>&1...
Throughput: 3.64
Signal Delay: 94
Power: 38.7234042553192

Running candiate: 
$c = {
       'throughput' => 0,
       'power' => 0,
       'param1' => '39',
       'signal_delay' => 0,
       'param2' => '45',
       'param3' => '67'
     };
Runing ./run-train 39 45 67 2>&1...
Throughput: 3.41
Signal Delay: 88
Power: 38.75

Running candiate: 
$c = {
       'throughput' => 0,
       'power' => 0,
       'param1' => '52',
       'signal_delay' => 0,
       'param2' => '59',
       'param3' => '59'
     };
Runing ./run-train 52 59 59 2>&1...
Throughput: 3.38
Signal Delay: 91
Power: 37.1428571428571

Running candiate: 
$c = {
       'param1' => '50',
       'throughput' => 0,
       'power' => 0,
       'param2' => '42',
       'param3' => '75',
       'signal_delay' => 0
     };
Runing ./run-train 50 42 75 2>&1...
Throughput: 3.83
Signal Delay: 98
Power: 39.0816326530612

Running candiate: 
$c = {
       'param2' => '54',
       'param3' => '67',
       'signal_delay' => 0,
       'param1' => '46',
       'throughput' => 0,
       'power' => 0
     };
Runing ./run-train 46 54 67 2>&1...
Throughput: 3.68
Signal Delay: 103
Power: 35.7281553398058

Running candiate: 
$c = {
       'param1' => '51',
       'power' => 0,
       'throughput' => 0,
       'param3' => '58',
       'param2' => '50',
       'signal_delay' => 0
     };
Runing ./run-train 51 50 58 2>&1...
Throughput: 2.92
Signal Delay: 81
Power: 36.0493827160494

Running candiate: 
$c = {
       'throughput' => 0,
       'power' => 0,
       'param1' => '50',
       'signal_delay' => 0,
       'param2' => '56',
       'param3' => '84'
     };
Runing ./run-train 50 56 84 2>&1...
Throughput: 4.35
Signal Delay: 123
Power: 35.3658536585366

Iteration 8 results:
Mating 0 and 1
Mating 0 and 2
Mating 0 and 3
Mating 0 and 4
Mating 1 and 2
Mating 1 and 3
Mating 1 and 4
Mating 2 and 3
Mating 2 and 4
Mating 3 and 4
After mating, 15 candidates

Running candiate: 
$c = {
       'param1' => 42,
       'throughput' => '3.87',
       'power' => '41.1702127659574',
       'param2' => 46,
       'param3' => 73,
       'signal_delay' => 94
     };
Running candiate: 
$c = {
       'signal_delay' => 97,
       'param3' => 72,
       'param2' => 52,
       'power' => '40.2061855670103',
       'throughput' => '3.90',
       'param1' => 48
     };
Running candiate: 
$c = {
       'param1' => 42,
       'power' => '39.7802197802198',
       'throughput' => '3.62',
       'param3' => 69,
       'param2' => 46,
       'signal_delay' => 91
     };
Running candiate: 
$c = {
       'signal_delay' => 93,
       'param3' => 67,
       'param2' => 48,
       'power' => '39.6774193548387',
       'throughput' => '3.69',
       'param1' => 44
     };
Running candiate: 
$c = {
       'param2' => 51,
       'param3' => 68,
       'signal_delay' => 96,
       'param1' => 44,
       'throughput' => '3.78',
       'power' => '39.375'
     };
Running candiate: 
$c = {
       'param2' => '54',
       'param3' => '79',
       'signal_delay' => 0,
       'param1' => '49',
       'throughput' => 0,
       'power' => 0
     };
Runing ./run-train 49 54 79 2>&1...
Throughput: 4.22
Signal Delay: 118
Power: 35.7627118644068

Running candiate: 
$c = {
       'param2' => '52',
       'param3' => '82',
       'signal_delay' => 0,
       'param1' => '35',
       'throughput' => 0,
       'power' => 0
     };
Runing ./run-train 35 52 82 2>&1...
Throughput: 4.10
Signal Delay: 110
Power: 37.2727272727273

Running candiate: 
$c = {
       'param2' => '39',
       'param3' => '62',
       'signal_delay' => 0,
       'param1' => '47',
       'throughput' => 0,
       'power' => 0
     };
Runing ./run-train 47 39 62 2>&1...
Throughput: 3.04
Signal Delay: 82
Power: 37.0731707317073

Running candiate: 
$c = {
       'param1' => '47',
       'throughput' => 0,
       'power' => 0,
       'param2' => '51',
       'param3' => '60',
       'signal_delay' => 0
     };
Runing ./run-train 47 51 60 2>&1...
Throughput: 3.28
Signal Delay: 89
Power: 36.8539325842697

Running candiate: 
$c = {
       'signal_delay' => 0,
       'param2' => '48',
       'param3' => '84',
       'throughput' => 0,
       'power' => 0,
       'param1' => '45'
     };
Runing ./run-train 45 48 84 2>&1...
Throughput: 4.18
Signal Delay: 111
Power: 37.6576576576577

Running candiate: 
$c = {
       'throughput' => 0,
       'power' => 0,
       'param1' => '50',
       'signal_delay' => 0,
       'param2' => '50',
       'param3' => '59'
     };
Runing ./run-train 50 50 59 2>&1...
Throughput: 2.93
Signal Delay: 80
Power: 36.625

Running candiate: 
$c = {
       'param1' => '44',
       'throughput' => 0,
       'power' => 0,
       'param2' => '58',
       'param3' => '68',
       'signal_delay' => 0
     };
Runing ./run-train 44 58 68 2>&1...
Throughput: 3.77
Signal Delay: 103
Power: 36.6019417475728

Running candiate: 
$c = {
       'signal_delay' => 0,
       'param2' => '39',
       'param3' => '72',
       'throughput' => 0,
       'power' => 0,
       'param1' => '43'
     };
Runing ./run-train 43 39 72 2>&1...
Throughput: 3.30
Signal Delay: 89
Power: 37.0786516853933

Running candiate: 
$c = {
       'signal_delay' => 0,
       'param3' => '65',
       'param2' => '46',
       'power' => 0,
       'throughput' => 0,
       'param1' => '41'
     };
Runing ./run-train 41 46 65 2>&1...
Throughput: 3.40
Signal Delay: 88
Power: 38.6363636363636

Running candiate: 
$c = {
       'signal_delay' => 0,
       'param2' => '43',
       'param3' => '57',
       'throughput' => 0,
       'power' => 0,
       'param1' => '39'
     };
Runing ./run-train 39 43 57 2>&1...
Throughput: 2.31
Signal Delay: 78
Power: 29.6153846153846

Iteration 9 results:
Mating 0 and 1
Mating 0 and 2
Mating 0 and 3
Mating 0 and 4
Mating 1 and 2
Mating 1 and 3
Mating 1 and 4
Mating 2 and 3
Mating 2 and 4
Mating 3 and 4
After mating, 15 candidates

Running candiate: 
$c = {
       'param1' => 42,
       'throughput' => '3.87',
       'power' => '41.1702127659574',
       'param2' => 46,
       'param3' => 73,
       'signal_delay' => 94
     };
Running candiate: 
$c = {
       'signal_delay' => 97,
       'param3' => 72,
       'param2' => 52,
       'power' => '40.2061855670103',
       'throughput' => '3.90',
       'param1' => 48
     };
Running candiate: 
$c = {
       'param1' => 42,
       'power' => '39.7802197802198',
       'throughput' => '3.62',
       'param3' => 69,
       'param2' => 46,
       'signal_delay' => 91
     };
Running candiate: 
$c = {
       'signal_delay' => 93,
       'param3' => 67,
       'param2' => 48,
       'power' => '39.6774193548387',
       'throughput' => '3.69',
       'param1' => 44
     };
Running candiate: 
$c = {
       'param2' => 51,
       'param3' => 68,
       'signal_delay' => 96,
       'param1' => 44,
       'throughput' => '3.78',
       'power' => '39.375'
     };
Running candiate: 
$c = {
       'param1' => '54',
       'throughput' => 0,
       'power' => 0,
       'param2' => '41',
       'param3' => '85',
       'signal_delay' => 0
     };
Runing ./run-train 54 41 85 2>&1...
Throughput: 3.94
Signal Delay: 109
Power: 36.1467889908257

Running candiate: 
$c = {
       'param1' => '45',
       'power' => 0,
       'throughput' => 0,
       'param3' => '79',
       'param2' => '49',
       'signal_delay' => 0
     };
Runing ./run-train 45 49 79 2>&1...
Throughput: 4.05
Signal Delay: 114
Power: 35.5263157894737

Running candiate: 
$c = {
       'throughput' => 0,
       'power' => 0,
       'param1' => '39',
       'signal_delay' => 0,
       'param2' => '44',
       'param3' => '60'
     };
Runing ./run-train 39 44 60 2>&1...
Throughput: 2.76
Signal Delay: 82
Power: 33.6585365853659

Running candiate: 
$c = {
       'param2' => '48',
       'param3' => '57',
       'signal_delay' => 0,
       'param1' => '36',
       'throughput' => 0,
       'power' => 0
     };
Runing ./run-train 36 48 57 2>&1...
Throughput: 2.63
Signal Delay: 77
Power: 34.1558441558442

Running candiate: 
$c = {
       'throughput' => 0,
       'power' => 0,
       'param1' => '46',
       'signal_delay' => 0,
       'param2' => '40',
       'param3' => '59'
     };
Runing ./run-train 46 40 59 2>&1...
Throughput: 2.83
Signal Delay: 82
Power: 34.5121951219512

Running candiate: 
$c = {
       'param1' => '42',
       'power' => 0,
       'throughput' => 0,
       'param3' => '80',
       'param2' => '46',
       'signal_delay' => 0
     };
Runing ./run-train 42 46 80 2>&1...
Throughput: 4.10
Signal Delay: 110
Power: 37.2727272727273

Running candiate: 
$c = {
       'param3' => '60',
       'param2' => '58',
       'signal_delay' => 0,
       'param1' => '42',
       'power' => 0,
       'throughput' => 0
     };
Runing ./run-train 42 58 60 2>&1...
Throughput: 3.19
Signal Delay: 87
Power: 36.6666666666667

Running candiate: 
$c = {
       'param1' => '45',
       'power' => 0,
       'throughput' => 0,
       'param3' => '70',
       'param2' => '46',
       'signal_delay' => 0
     };
Runing ./run-train 45 46 70 2>&1...
Throughput: 3.49
Signal Delay: 92
Power: 37.9347826086957

Running candiate: 
$c = {
       'param3' => '82',
       'param2' => '49',
       'signal_delay' => 0,
       'param1' => '43',
       'power' => 0,
       'throughput' => 0
     };
Runing ./run-train 43 49 82 2>&1...
Throughput: 4.16
Signal Delay: 114
Power: 36.4912280701754

Running candiate: 
$c = {
       'param1' => '48',
       'throughput' => 0,
       'power' => 0,
       'param2' => '54',
       'param3' => '69',
       'signal_delay' => 0
     };
Runing ./run-train 48 54 69 2>&1...
Throughput: 3.91
Signal Delay: 104
Power: 37.5961538461538

Iteration 10 results:
Mating 0 and 1
Mating 0 and 2
Mating 0 and 3
Mating 0 and 4
Mating 1 and 2
Mating 1 and 3
Mating 1 and 4
Mating 2 and 3
Mating 2 and 4
Mating 3 and 4
After mating, 15 candidates

Running candiate: 
$c = {
       'param1' => 42,
       'throughput' => '3.87',
       'power' => '41.1702127659574',
       'param2' => 46,
       'param3' => 73,
       'signal_delay' => 94
     };
Running candiate: 
$c = {
       'signal_delay' => 97,
       'param3' => 72,
       'param2' => 52,
       'power' => '40.2061855670103',
       'throughput' => '3.90',
       'param1' => 48
     };
Running candiate: 
$c = {
       'param1' => 42,
       'power' => '39.7802197802198',
       'throughput' => '3.62',
       'param3' => 69,
       'param2' => 46,
       'signal_delay' => 91
     };
Running candiate: 
$c = {
       'signal_delay' => 93,
       'param3' => 67,
       'param2' => 48,
       'power' => '39.6774193548387',
       'throughput' => '3.69',
       'param1' => 44
     };
Running candiate: 
$c = {
       'param2' => 51,
       'param3' => 68,
       'signal_delay' => 96,
       'param1' => 44,
       'throughput' => '3.78',
       'power' => '39.375'
     };
Running candiate: 
$c = {
       'signal_delay' => 0,
       'param3' => '60',
       'param2' => '54',
       'power' => 0,
       'throughput' => 0,
       'param1' => '47'
     };
Runing ./run-train 47 54 60 2>&1...
Throughput: 3.29
Signal Delay: 84
Power: 39.1666666666667

Running candiate: 
$c = {
       'param3' => '61',
       'param2' => '54',
       'signal_delay' => 0,
       'param1' => '41',
       'power' => 0,
       'throughput' => 0
     };
Runing ./run-train 41 54 61 2>&1...
Throughput: 3.17
Signal Delay: 91
Power: 34.8351648351648

Running candiate: 
$c = {
       'param3' => '63',
       'param2' => '40',
       'signal_delay' => 0,
       'param1' => '47',
       'power' => 0,
       'throughput' => 0
     };
Runing ./run-train 47 40 63 2>&1...
Throughput: 3.05
Signal Delay: 84
Power: 36.3095238095238

Running candiate: 
$c = {
       'param1' => '38',
       'power' => 0,
       'throughput' => 0,
       'param3' => '80',
       'param2' => '58',
       'signal_delay' => 0
     };
Runing ./run-train 38 58 80 2>&1...
Throughput: 4.14
Signal Delay: 116
Power: 35.6896551724138

Running candiate: 
$c = {
       'power' => 0,
       'throughput' => 0,
       'param1' => '49',
       'signal_delay' => 0,
       'param3' => '71',
       'param2' => '59'
     };
Runing ./run-train 49 59 71 2>&1...
Throughput: 4.05
Signal Delay: 110
Power: 36.8181818181818

Running candiate: 
$c = {
       'signal_delay' => 0,
       'param2' => '52',
       'param3' => '79',
       'throughput' => 0,
       'power' => 0,
       'param1' => '50'
     };
Runing ./run-train 50 52 79 2>&1...
Throughput: 4.19
Signal Delay: 113
Power: 37.0796460176991

Running candiate: 
$c = {
       'throughput' => 0,
       'power' => 0,
       'param1' => '50',
       'signal_delay' => 0,
       'param2' => '49',
       'param3' => '63'
     };
Runing ./run-train 50 49 63 2>&1...
Throughput: 3.49
Signal Delay: 91
Power: 38.3516483516484

Running candiate: 
$c = {
       'param2' => '42',
       'param3' => '72',
       'signal_delay' => 0,
       'param1' => '38',
       'throughput' => 0,
       'power' => 0
     };
Runing ./run-train 38 42 72 2>&1...
Throughput: 3.29
Signal Delay: 89
Power: 36.9662921348315

Running candiate: 
$c = {
       'param2' => '55',
       'param3' => '78',
       'signal_delay' => 0,
       'param1' => '50',
       'throughput' => 0,
       'power' => 0
     };
Runing ./run-train 50 55 78 2>&1...
Throughput: 4.27
Signal Delay: 124
Power: 34.4354838709677

Running candiate: 
$c = {
       'power' => 0,
       'throughput' => 0,
       'param1' => '39',
       'signal_delay' => 0,
       'param3' => '60',
       'param2' => '42'
     };
Runing ./run-train 39 42 60 2>&1...
Throughput: 2.27
Signal Delay: 75
Power: 30.2666666666667

Iteration 11 results:
Mating 0 and 1
Mating 0 and 2
Mating 0 and 3
Mating 0 and 4
Mating 1 and 2
Mating 1 and 3
Mating 1 and 4
Mating 2 and 3
Mating 2 and 4
Mating 3 and 4
After mating, 15 candidates

Running candiate: 
$c = {
       'param1' => 42,
       'throughput' => '3.87',
       'power' => '41.1702127659574',
       'param2' => 46,
       'param3' => 73,
       'signal_delay' => 94
     };
Running candiate: 
$c = {
       'signal_delay' => 97,
       'param3' => 72,
       'param2' => 52,
       'power' => '40.2061855670103',
       'throughput' => '3.90',
       'param1' => 48
     };
Running candiate: 
$c = {
       'param1' => 42,
       'power' => '39.7802197802198',
       'throughput' => '3.62',
       'param3' => 69,
       'param2' => 46,
       'signal_delay' => 91
     };
Running candiate: 
$c = {
       'signal_delay' => 93,
       'param3' => 67,
       'param2' => 48,
       'power' => '39.6774193548387',
       'throughput' => '3.69',
       'param1' => 44
     };
Running candiate: 
$c = {
       'param2' => 51,
       'param3' => 68,
       'signal_delay' => 96,
       'param1' => 44,
       'throughput' => '3.78',
       'power' => '39.375'
     };
Running candiate: 
$c = {
       'throughput' => 0,
       'power' => 0,
       'param1' => '54',
       'signal_delay' => 0,
       'param2' => '52',
       'param3' => '79'
     };
Runing ./run-train 54 52 79 2>&1...
Throughput: 4.21
Signal Delay: 114
Power: 36.9298245614035

Running candiate: 
$c = {
       'throughput' => 0,
       'power' => 0,
       'param1' => '45',
       'signal_delay' => 0,
       'param2' => '52',
       'param3' => '62'
     };
Runing ./run-train 45 52 62 2>&1...
Throughput: 3.46
Signal Delay: 88
Power: 39.3181818181818

Running candiate: 
$c = {
       'param2' => '42',
       'param3' => '76',
       'signal_delay' => 0,
       'param1' => '45',
       'throughput' => 0,
       'power' => 0
     };
Runing ./run-train 45 42 76 2>&1...
